<?xml version="1.0" encoding="UTF-8"?>
<testng-results ignored="0" total="5" passed="4" failed="1" skipped="0">
  <reporter-output>
  </reporter-output>
  <suite started-at="2020-05-17T21:34:13 CEST" name="Default suite" finished-at="2020-05-17T21:34:13 CEST" duration-ms="63">
    <groups>
    </groups>
    <test started-at="2020-05-17T21:34:13 CEST" name="Default test" finished-at="2020-05-17T21:34:13 CEST" duration-ms="63">
      <class name="app.TestCalculator">
        <test-method is-config="true" signature="returnToStartValue()[pri:0, instance:app.TestCalculator@7ea37dbf]" started-at="2020-05-17T21:34:13 CEST" name="returnToStartValue" finished-at="2020-05-17T21:34:13 CEST" duration-ms="6" status="PASS">
          <reporter-output>
          </reporter-output>
        </test-method> <!-- returnToStartValue -->
        <test-method signature="addingNum()[pri:0, instance:app.TestCalculator@7ea37dbf]" started-at="2020-05-17T21:34:13 CEST" name="addingNum" finished-at="2020-05-17T21:34:13 CEST" duration-ms="6" status="PASS">
          <reporter-output>
          </reporter-output>
        </test-method> <!-- addingNum -->
        <test-method is-config="true" signature="returnToStartValue()[pri:0, instance:app.TestCalculator@7ea37dbf]" started-at="2020-05-17T21:34:13 CEST" name="returnToStartValue" finished-at="2020-05-17T21:34:13 CEST" duration-ms="1" status="PASS">
          <reporter-output>
          </reporter-output>
        </test-method> <!-- returnToStartValue -->
        <test-method signature="divNumWithNum()[pri:0, instance:app.TestCalculator@7ea37dbf]" started-at="2020-05-17T21:34:13 CEST" name="divNumWithNum" finished-at="2020-05-17T21:34:13 CEST" duration-ms="1" status="PASS">
          <reporter-output>
          </reporter-output>
        </test-method> <!-- divNumWithNum -->
        <test-method is-config="true" signature="returnToStartValue()[pri:0, instance:app.TestCalculator@7ea37dbf]" started-at="2020-05-17T21:34:13 CEST" name="returnToStartValue" finished-at="2020-05-17T21:34:13 CEST" duration-ms="1" status="PASS">
          <reporter-output>
          </reporter-output>
        </test-method> <!-- returnToStartValue -->
        <test-method signature="divNumWithZero()[pri:0, instance:app.TestCalculator@7ea37dbf]" started-at="2020-05-17T21:34:13 CEST" name="divNumWithZero" finished-at="2020-05-17T21:34:13 CEST" duration-ms="2" status="FAIL">
          <exception class="java.lang.AssertionError">
            <message>
              <![CDATA[Error message should be displayed. expected [NaN] but found [9.99]]]>
            </message>
            <full-stacktrace>
              <![CDATA[java.lang.AssertionError: Error message should be displayed. expected [NaN] but found [9.99]
at org.testng.Assert.fail(Assert.java:97)
at org.testng.Assert.failNotEquals(Assert.java:968)
at org.testng.Assert.assertEquals(Assert.java:637)
at app.TestCalculator.divNumWithZero(TestCalculator.java:56)
at java.base/jdk.internal.reflect.NativeMethodAccessorImpl.invoke0(Native Method)
at java.base/jdk.internal.reflect.NativeMethodAccessorImpl.invoke(NativeMethodAccessorImpl.java:62)
at java.base/jdk.internal.reflect.DelegatingMethodAccessorImpl.invoke(DelegatingMethodAccessorImpl.java:43)
at java.base/java.lang.reflect.Method.invoke(Method.java:567)
at org.testng.internal.MethodInvocationHelper.invokeMethod(MethodInvocationHelper.java:135)
at org.testng.internal.TestInvoker.invokeMethod(TestInvoker.java:598)
at org.testng.internal.TestInvoker.invokeTestMethod(TestInvoker.java:174)
at org.testng.internal.MethodRunner.runInSequence(MethodRunner.java:46)
at org.testng.internal.TestInvoker$MethodInvocationAgent.invoke(TestInvoker.java:821)
at org.testng.internal.TestInvoker.invokeTestMethods(TestInvoker.java:147)
at org.testng.internal.TestMethodWorker.invokeTestMethods(TestMethodWorker.java:146)
at org.testng.internal.TestMethodWorker.run(TestMethodWorker.java:128)
at java.base/java.util.ArrayList.forEach(ArrayList.java:1507)
at org.testng.TestRunner.privateRun(TestRunner.java:767)
at org.testng.TestRunner.run(TestRunner.java:588)
at org.testng.SuiteRunner.runTest(SuiteRunner.java:384)
at org.testng.SuiteRunner.runSequentially(SuiteRunner.java:378)
at org.testng.SuiteRunner.privateRun(SuiteRunner.java:337)
at org.testng.SuiteRunner.run(SuiteRunner.java:286)
at org.testng.SuiteRunnerWorker.runSuite(SuiteRunnerWorker.java:53)
at org.testng.SuiteRunnerWorker.run(SuiteRunnerWorker.java:96)
at org.testng.TestNG.runSuitesSequentially(TestNG.java:1214)
at org.testng.TestNG.runSuitesLocally(TestNG.java:1136)
at org.testng.TestNG.runSuites(TestNG.java:1066)
at org.testng.TestNG.run(TestNG.java:1034)
at org.testng.remote.AbstractRemoteTestNG.run(AbstractRemoteTestNG.java:115)
at org.testng.remote.RemoteTestNG.initAndRun(RemoteTestNG.java:251)
at org.testng.remote.RemoteTestNG.main(RemoteTestNG.java:77)
]]>
            </full-stacktrace>
          </exception> <!-- java.lang.AssertionError -->
          <reporter-output>
          </reporter-output>
        </test-method> <!-- divNumWithZero -->
        <test-method signature="divZeroWithNum()[pri:0, instance:app.TestCalculator@7ea37dbf]" started-at="2020-05-17T21:34:13 CEST" name="divZeroWithNum" finished-at="2020-05-17T21:34:13 CEST" duration-ms="2" status="PASS">
          <reporter-output>
          </reporter-output>
        </test-method> <!-- divZeroWithNum -->
        <test-method is-config="true" signature="returnToStartValue()[pri:0, instance:app.TestCalculator@7ea37dbf]" started-at="2020-05-17T21:34:13 CEST" name="returnToStartValue" finished-at="2020-05-17T21:34:13 CEST" duration-ms="0" status="PASS">
          <reporter-output>
          </reporter-output>
        </test-method> <!-- returnToStartValue -->
        <test-method signature="divZeroWithZero()[pri:0, instance:app.TestCalculator@7ea37dbf]" started-at="2020-05-17T21:34:13 CEST" name="divZeroWithZero" finished-at="2020-05-17T21:34:13 CEST" duration-ms="1" status="PASS">
          <reporter-output>
          </reporter-output>
        </test-method> <!-- divZeroWithZero -->
        <test-method is-config="true" signature="returnToStartValue()[pri:0, instance:app.TestCalculator@7ea37dbf]" started-at="2020-05-17T21:34:13 CEST" name="returnToStartValue" finished-at="2020-05-17T21:34:13 CEST" duration-ms="0" status="PASS">
          <reporter-output>
          </reporter-output>
        </test-method> <!-- returnToStartValue -->
      </class> <!-- app.TestCalculator -->
    </test> <!-- Default test -->
  </suite> <!-- Default suite -->
</testng-results>
